<?xml version="1.0" encoding="UTF-8"?>
<testng-results ignored="0" total="1" passed="1" failed="0" skipped="0">
  <reporter-output>
  </reporter-output>
  <suite started-at="2022-01-03T08:16:11 IST" name="Default suite" finished-at="2022-01-03T08:16:37 IST" duration-ms="26842">
    <groups>
    </groups>
    <test started-at="2022-01-03T08:16:11 IST" name="Default test" finished-at="2022-01-03T08:16:37 IST" duration-ms="26842">
      <class name="Demo">
        <test-method signature="test()[pri:0, instance:Demo@8f2ef19]" started-at="2022-01-03T08:16:11 IST" name="test" finished-at="2022-01-03T08:16:37 IST" duration-ms="26804" status="PASS">
          <reporter-output>
          </reporter-output>
        </test-method> <!-- test -->
      </class> <!-- Demo -->
    </test> <!-- Default test -->
  </suite> <!-- Default suite -->
</testng-results>
